<?xml version="1.0" encoding="UTF-8" ?>
<testsuite errors="0" failures="2" hostname="Jesus-PC" name="devops.numbers.NumberWordsTests" skipped="0" tests="4" time="0.085" timestamp="2018-02-27T21:15:20">
  <properties>
    <property name="ant.project.invoked-targets" value="dist" />
    <property name="java.runtime.name" value="Java(TM) SE Runtime Environment" />
    <property name="sun.boot.library.path" value="C:\Program Files\Java\jre1.8.0_151\bin" />
    <property name="java.vm.version" value="25.151-b12" />
    <property name="ant.library.dir" value="C:\Program Files (x86)\Jenkins\tools\hudson.tasks.Ant_AntInstallation\C_ant\lib" />
    <property name="ant.file.Numbers" value="C:\Program Files (x86)\Jenkins\workspace\jh\build.xml" />
    <property name="ant.version" value="Apache Ant(TM) version 1.10.2 compiled on February 3 2018" />
    <property name="ant.java.version" value="1.8" />
    <property name="java.vm.vendor" value="Oracle Corporation" />
    <property name="java.vendor.url" value="http://java.oracle.com/" />
    <property name="path.separator" value=";" />
    <property name="java.vm.name" value="Java HotSpot(TM) 64-Bit Server VM" />
    <property name="file.encoding.pkg" value="sun.io" />
    <property name="user.script" value="" />
    <property name="user.country" value="US" />
    <property name="sun.java.launcher" value="SUN_STANDARD" />
    <property name="sun.os.patch.level" value="Service Pack 1" />
    <property name="java.vm.specification.name" value="Java Virtual Machine Specification" />
    <property name="user.dir" value="C:\Program Files (x86)\Jenkins\workspace\jh" />
    <property name="java.runtime.version" value="1.8.0_151-b12" />
    <property name="java.awt.graphicsenv" value="sun.awt.Win32GraphicsEnvironment" />
    <property name="basedir" value="C:\Program Files (x86)\Jenkins\workspace\jh" />
    <property name="java.endorsed.dirs" value="C:\Program Files\Java\jre1.8.0_151\lib\endorsed" />
    <property name="os.arch" value="amd64" />
    <property name="ant.project.default-target" value="compile" />
    <property name="java.io.tmpdir" value="C:\Windows\TEMP\" />
    <property name="ant.core.lib" value="C:\Program Files (x86)\Jenkins\tools\hudson.tasks.Ant_AntInstallation\C_ant\lib\ant.jar" />
    <property name="line.separator" value="&#xd;&#xa;" />
    <property name="java.vm.specification.vendor" value="Oracle Corporation" />
    <property name="user.variant" value="" />
    <property name="os.name" value="Windows 7" />
    <property name="ant.home" value="C:\Program Files (x86)\Jenkins\tools\hudson.tasks.Ant_AntInstallation\C_ant" />
    <property name="ant.project.name" value="Numbers" />
    <property name="sun.jnu.encoding" value="Cp1252" />
    <property name="java.library.path" value="C:\Program Files\Java\jre1.8.0_151\bin;C:\Windows\Sun\Java\bin;C:\Windows\system32;C:\Windows;/bin;C:\Program Files (x86)\Jenkins\tools\hudson.tasks.Ant_AntInstallation\C_ant/bin;/bin;C:\ProgramData\Oracle\Java\javapath;C:\Windows\system32;C:\Windows;C:\Windows\System32\Wbem;C:\Windows\System32\WindowsPowerShell\v1.0\;C:\Program Files\Java\jdk1.7.0_79\bin;C:\Program Files (x86)\Intel\OpenCL SDK\2.0\bin\x86;C:\Program Files (x86)\Intel\OpenCL SDK\2.0\bin\x64;C:\Program Files (x86)\NVIDIA Corporation\PhysX\Common;C:\Program Files\Java\jdk1.8.0_20\bin;C:\Program Files (x86)\Skype\Phone\;C:\Program Files\CMake\bin;C:\Program Files (x86)\GnuWin32\bin;C:\Program Files\nodejs\;C:\Program Files\Git\cmd;c:\ant\bin;C:\Program Files\Java\jdk1.8.0_20\lib;;." />
    <property name="java.class.version" value="52.0" />
    <property name="java.specification.name" value="Java Platform API Specification" />
    <property name="sun.management.compiler" value="HotSpot 64-Bit Tiered Compilers" />
    <property name="os.version" value="6.1" />
    <property name="ant.file" value="C:\Program Files (x86)\Jenkins\workspace\jh\build.xml" />
    <property name="user.home" value="C:\Windows\system32\config\systemprofile" />
    <property name="user.timezone" value="" />
    <property name="java.awt.printerjob" value="sun.awt.windows.WPrinterJob" />
    <property name="java.specification.version" value="1.8" />
    <property name="file.encoding" value="Cp1252" />
    <property name="ant.file.type.Numbers" value="file" />
    <property name="java.class.path" value="C:\Program Files (x86)\Jenkins\workspace\jh\lib\test\hamcrest-core-1.3.jar;C:\Program Files (x86)\Jenkins\workspace\jh\lib\test\junit-4.11.jar;C:\Program Files (x86)\Jenkins\workspace\jh\bin;C:\Program Files (x86)\Jenkins\tools\hudson.tasks.Ant_AntInstallation\C_ant\lib\ant-launcher.jar;C:\Program Files (x86)\Jenkins\tools\hudson.tasks.Ant_AntInstallation\C_ant\lib\ant.jar;C:\Program Files (x86)\Jenkins\tools\hudson.tasks.Ant_AntInstallation\C_ant\lib\ant-junit.jar;C:\Program Files (x86)\Jenkins\tools\hudson.tasks.Ant_AntInstallation\C_ant\lib\ant-junit4.jar" />
    <property name="user.name" value="JESUS-PC$" />
    <property name="java.vm.specification.version" value="1.8" />
    <property name="java.home" value="C:\Program Files\Java\jre1.8.0_151" />
    <property name="sun.java.command" value="org.apache.tools.ant.taskdefs.optional.junit.JUnitTestRunner devops.numbers.NumberWordsTests skipNonTests=false filtertrace=true haltOnError=false haltOnFailure=true formatter=org.apache.tools.ant.taskdefs.optional.junit.SummaryJUnitResultFormatter showoutput=false outputtoformatters=true logfailedtests=true threadid=0 logtestlistenerevents=false formatter=org.apache.tools.ant.taskdefs.optional.junit.PlainJUnitResultFormatter,C:\Program Files (x86)\Jenkins\workspace\jh\report\TEST-devops.numbers.NumberWordsTests.txt formatter=org.apache.tools.ant.taskdefs.optional.junit.XMLJUnitResultFormatter,C:\Program Files (x86)\Jenkins\workspace\jh\report\TEST-devops.numbers.NumberWordsTests.xml crashfile=C:\Program Files (x86)\Jenkins\workspace\jh\junitvmwatcher8780507934620270918.properties propsfile=C:\Program Files (x86)\Jenkins\workspace\jh\junit8220484430866152027.properties" />
    <property name="sun.arch.data.model" value="64" />
    <property name="java.specification.vendor" value="Oracle Corporation" />
    <property name="user.language" value="en" />
    <property name="awt.toolkit" value="sun.awt.windows.WToolkit" />
    <property name="java.vm.info" value="mixed mode" />
    <property name="java.version" value="1.8.0_151" />
    <property name="java.ext.dirs" value="C:\Program Files\Java\jre1.8.0_151\lib\ext;C:\Windows\Sun\Java\lib\ext" />
    <property name="sun.boot.class.path" value="C:\Program Files\Java\jre1.8.0_151\lib\resources.jar;C:\Program Files\Java\jre1.8.0_151\lib\rt.jar;C:\Program Files\Java\jre1.8.0_151\lib\sunrsasign.jar;C:\Program Files\Java\jre1.8.0_151\lib\jsse.jar;C:\Program Files\Java\jre1.8.0_151\lib\jce.jar;C:\Program Files\Java\jre1.8.0_151\lib\charsets.jar;C:\Program Files\Java\jre1.8.0_151\lib\jfr.jar;C:\Program Files\Java\jre1.8.0_151\classes" />
    <property name="java.vendor" value="Oracle Corporation" />
    <property name="file.separator" value="\" />
    <property name="jar" value="Numbers.jar" />
    <property name="java.vendor.url.bug" value="http://bugreport.sun.com/bugreport/" />
    <property name="sun.cpu.endian" value="little" />
    <property name="sun.io.unicode.encoding" value="UnicodeLittle" />
    <property name="main-class" value="devops.numbers.NumberWordsApplication" />
    <property name="ant.file.type" value="file" />
    <property name="sun.desktop" value="windows" />
    <property name="sun.cpu.isalist" value="amd64" />
  </properties>
  <testcase classname="devops.numbers.NumberWordsTests" name="numberRangeTenslist" time="0.004" />
  <testcase classname="devops.numbers.NumberWordsTests" name="numberRangeTensMultiple" time="0.0" />
  <testcase classname="devops.numbers.NumberWordsTests" name="numberOutOfRange" time="0.007">
    <failure message="-1 expected:&lt;[Number out of Range]&gt; but was:&lt;[]&gt;" type="junit.framework.AssertionFailedError">junit.framework.AssertionFailedError: -1 expected:&lt;[Number out of Range]&gt; but was:&lt;[]&gt;
	at devops.numbers.NumberWordsTests.numberOutOfRange(Unknown Source)
</failure>
  </testcase>
  <testcase classname="devops.numbers.NumberWordsTests" name="numberRangeList" time="0.001">
    <failure message="18 expected:&lt;[Eighteen]&gt; but was:&lt;[Fifty Five]&gt;" type="junit.framework.AssertionFailedError">junit.framework.AssertionFailedError: 18 expected:&lt;[Eighteen]&gt; but was:&lt;[Fifty Five]&gt;
	at devops.numbers.NumberWordsTests.numberRangeList(Unknown Source)
</failure>
  </testcase>
  <system-out><![CDATA[]]></system-out>
  <system-err><![CDATA[]]></system-err>
</testsuite>
